Arguments: 
  C:\Program Files\nodejs\node.exe C:\Users\Haseeb Mehraj\AppData\Roaming\npm\node_modules\yarn\bin\yarn.js go

PATH: 
  C:\ProgramData\Oracle\Java\javapath;C:\WINDOWS\system32;C:\WINDOWS;C:\WINDOWS\System32\Wbem;C:\WINDOWS\System32\WindowsPowerShell\v1.0\;C:\Program Files (x86)\Skype\Phone\;C:\Program Files\Git\cmd;C:\Program Files\nodejs\;C:\Python27;C:\Python27\Lib\site-packages\;C:\Python27\Scripts\;C:\Program Files\PuTTY\;C:\WINDOWS\System32\OpenSSH\;C:\Program Files\Java\jdk1.8.0_151\bin;C:\Users\Haseeb Mehraj\AppData\Local\atom\bin;C:\Users\Haseeb Mehraj\AppData\Roaming\npm;%USERPROFILE%\AppData\Local\Microsoft\WindowsApps;

Yarn version: 
  1.5.1

Node version: 
  8.10.0

Platform: 
  win32 x64

npm manifest: 
  {
    "scripts": {
      "go": "webpack-dev-server --config webpack.config.js --progress --colors --host 0.0.0.0 --port 8080",
      "build": "webpack",
      "test": "jest"
    },
    "jest": {
      "moduleNameMapper": {
        "\\.(css|scss)$": "identity-obj-proxy"
      }
    },
    "dependencies": {
      "axios": "^0.17.0",
      "babel-core": "^6.26.0",
      "babel-loader": "^7.1.2",
      "babel-preset-es2015": "^6.24.1",
      "babel-preset-react": "^6.24.1",
      "material-ui": "^0.20.0",
      "react": "^16.0.0",
      "react-dom": "^16.0.0",
      "react-emoji-render": "^0.4.4",
      "react-redux": "^5.0.6",
      "react-router-dom": "^4.2.2",
      "react-svg": "^2.2.10",
      "react-timestamp": "^4.3.1",
      "redux": "^3.7.2",
      "redux-promise": "^0.5.3",
      "screenfull": "^3.3.2"
    },
    "devDependencies": {
      "babel-cli": "^6.26.0",
      "babel-jest": "^21.2.0",
      "babel-plugin-transform-object-rest-spread": "^6.26.0",
      "compression-webpack-plugin": "^1.1.3",
      "css-loader": "^0.28.7",
      "enzyme": "^3.1.0",
      "enzyme-adapter-react-16": "^1.0.2",
      "eslint-config-airbnb": "^16.1.0",
      "eslint-plugin-import": "^2.8.0",
      "eslint-plugin-jsx-a11y": "^6.0.3",
      "eslint-plugin-react": "^7.5.1",
      "identity-obj-proxy": "^3.0.0",
      "jest": "^21.2.1",
      "node-sass": "^4.5.3",
      "redux-mock-store": "^1.3.0",
      "sass-loader": "^6.0.6",
      "style-loader": "^0.19.0",
      "uglifyjs-webpack-plugin": "^1.1.6",
      "webpack": "^3.5.6",
      "webpack-dev-server": "^2.7.1"
    },
    "license": "MIT"
  }

yarn manifest: 
  No manifest

Lockfile: 
  No lockfile

Trace: 
  Error: Command failed.
  Exit code: 1
  Command: C:\WINDOWS\system32\cmd.exe
  Arguments: /d /s /c webpack-dev-server --config webpack.config.js --progress --colors --host 0.0.0.0 --port 8080
  Directory: E:\subham NearGroup\Wisp PWA\tsl143.github.io
  Output:
  
      at ProcessTermError.MessageError (C:\Users\Haseeb Mehraj\AppData\Roaming\npm\node_modules\yarn\lib\cli.js:186:110)
      at new ProcessTermError (C:\Users\Haseeb Mehraj\AppData\Roaming\npm\node_modules\yarn\lib\cli.js:226:113)
      at ChildProcess.<anonymous> (C:\Users\Haseeb Mehraj\AppData\Roaming\npm\node_modules\yarn\lib\cli.js:30281:17)
      at emitTwo (events.js:126:13)
      at ChildProcess.emit (events.js:214:7)
      at maybeClose (internal/child_process.js:925:16)
      at Process.ChildProcess._handle.onexit (internal/child_process.js:209:5)
